# JRE version: Java(TM) SE Runtime Environment (8.0_411) (build 1.8.0_411-b09)
# Java VM: Java HotSpot(TM) 64-Bit Server VM (25.411-b09 mixed mode windows-amd64 compressed oops)
Heap:
 PSYoungGen      total 24576K, used 5327K [0x00000000d6780000, 0x00000000d9100000, 0x0000000100000000)
  eden space 24064K, 22% used [0x00000000d6780000,0x00000000d6cabce0,0x00000000d7f00000)
  from space 512K, 6% used [0x00000000d9080000,0x00000000d9088000,0x00000000d9100000)
  to   space 512K, 0% used [0x00000000d9000000,0x00000000d9000000,0x00000000d9080000)
 ParOldGen       total 86016K, used 15974K [0x0000000083600000, 0x0000000088a00000, 0x00000000d6780000)
  object space 86016K, 18% used [0x0000000083600000,0x0000000084599940,0x0000000088a00000)
 Metaspace       used 16890K, capacity 17182K, committed 17280K, reserved 1064960K
  class space    used 2315K, capacity 2403K, committed 2432K, reserved 1048576K
GC Heap History (10 events):
Event: 459.350 GC heap before
{Heap before GC invocations=97 (full 1):
 PSYoungGen      total 24576K, used 24128K [0x00000000d6780000, 0x00000000d9100000, 0x0000000100000000)
  eden space 24064K, 100% used [0x00000000d6780000,0x00000000d7f00000,0x00000000d7f00000)
  from space 512K, 12% used [0x00000000d9000000,0x00000000d9010000,0x00000000d9080000)
  to   space 512K, 0% used [0x00000000d9080000,0x00000000d9080000,0x00000000d9100000)
 ParOldGen       total 86016K, used 15974K [0x0000000083600000, 0x0000000088a00000, 0x00000000d6780000)
  object space 86016K, 18% used [0x0000000083600000,0x0000000084599940,0x0000000088a00000)
 Metaspace       used 16890K, capacity 17182K, committed 17280K, reserved 1064960K
  class space    used 2315K, capacity 2403K, committed 2432K, reserved 1048576K
Event: 459.351 GC heap after
Heap after GC invocations=97 (full 1):
 PSYoungGen      total 24576K, used 32K [0x00000000d6780000, 0x00000000d9100000, 0x0000000100000000)
  eden space 24064K, 0% used [0x00000000d6780000,0x00000000d6780000,0x00000000d7f00000)
  from space 512K, 6% used [0x00000000d9080000,0x00000000d9088000,0x00000000d9100000)
  to   space 512K, 0% used [0x00000000d9000000,0x00000000d9000000,0x00000000d9080000)
 ParOldGen       total 86016K, used 15974K [0x0000000083600000, 0x0000000088a00000, 0x00000000d6780000)
  object space 86016K, 18% used [0x0000000083600000,0x0000000084599940,0x0000000088a00000)
 Metaspace       used 16890K, capacity 17182K, committed 17280K, reserved 1064960K
  class space    used 2315K, capacity 2403K, committed 2432K, reserved 1048576K
}
Event: 462.077 GC heap before
{Heap before GC invocations=98 (full 1):
 PSYoungGen      total 24576K, used 24096K [0x00000000d6780000, 0x00000000d9100000, 0x0000000100000000)
  eden space 24064K, 100% used [0x00000000d6780000,0x00000000d7f00000,0x00000000d7f00000)
  from space 512K, 6% used [0x00000000d9080000,0x00000000d9088000,0x00000000d9100000)
  to   space 512K, 0% used [0x00000000d9000000,0x00000000d9000000,0x00000000d9080000)
 ParOldGen       total 86016K, used 15974K [0x0000000083600000, 0x0000000088a00000, 0x00000000d6780000)
  object space 86016K, 18% used [0x0000000083600000,0x0000000084599940,0x0000000088a00000)
 Metaspace       used 16890K, capacity 17182K, committed 17280K, reserved 1064960K
  class space    used 2315K, capacity 2403K, committed 2432K, reserved 1048576K
Event: 462.078 GC heap after
Heap after GC invocations=98 (full 1):
 PSYoungGen      total 24576K, used 96K [0x00000000d6780000, 0x00000000d9100000, 0x0000000100000000)
  eden space 24064K, 0% used [0x00000000d6780000,0x00000000d6780000,0x00000000d7f00000)
  from space 512K, 18% used [0x00000000d9000000,0x00000000d9018000,0x00000000d9080000)
  to   space 512K, 0% used [0x00000000d9080000,0x00000000d9080000,0x00000000d9100000)
 ParOldGen       total 86016K, used 15974K [0x0000000083600000, 0x0000000088a00000, 0x00000000d6780000)
  object space 86016K, 18% used [0x0000000083600000,0x0000000084599940,0x0000000088a00000)
 Metaspace       used 16890K, capacity 17182K, committed 17280K, reserved 1064960K
  class space    used 2315K, capacity 2403K, committed 2432K, reserved 1048576K
}
Event: 464.768 GC heap before
{Heap before GC invocations=99 (full 1):
 PSYoungGen      total 24576K, used 24160K [0x00000000d6780000, 0x00000000d9100000, 0x0000000100000000)
  eden space 24064K, 100% used [0x00000000d6780000,0x00000000d7f00000,0x00000000d7f00000)
  from space 512K, 18% used [0x00000000d9000000,0x00000000d9018000,0x00000000d9080000)
  to   space 512K, 0% used [0x00000000d9080000,0x00000000d9080000,0x00000000d9100000)
 ParOldGen       total 86016K, used 15974K [0x0000000083600000, 0x0000000088a00000, 0x00000000d6780000)
  object space 86016K, 18% used [0x0000000083600000,0x0000000084599940,0x0000000088a00000)
 Metaspace       used 16890K, capacity 17182K, committed 17280K, reserved 1064960K
  class space    used 2315K, capacity 2403K, committed 2432K, reserved 1048576K
Event: 464.769 GC heap after
Heap after GC invocations=99 (full 1):
 PSYoungGen      total 24576K, used 64K [0x00000000d6780000, 0x00000000d9100000, 0x0000000100000000)
  eden space 24064K, 0% used [0x00000000d6780000,0x00000000d6780000,0x00000000d7f00000)
  from space 512K, 12% used [0x00000000d9080000,0x00000000d9090000,0x00000000d9100000)
  to   space 512K, 0% used [0x00000000d9000000,0x00000000d9000000,0x00000000d9080000)
 ParOldGen       total 86016K, used 15974K [0x0000000083600000, 0x0000000088a00000, 0x00000000d6780000)
  object space 86016K, 18% used [0x0000000083600000,0x0000000084599940,0x0000000088a00000)
 Metaspace       used 16890K, capacity 17182K, committed 17280K, reserved 1064960K
  class space    used 2315K, capacity 2403K, committed 2432K, reserved 1048576K
}
Event: 467.479 GC heap before
{Heap before GC invocations=100 (full 1):
 PSYoungGen      total 24576K, used 24128K [0x00000000d6780000, 0x00000000d9100000, 0x0000000100000000)
  eden space 24064K, 100% used [0x00000000d6780000,0x00000000d7f00000,0x00000000d7f00000)
  from space 512K, 12% used [0x00000000d9080000,0x00000000d9090000,0x00000000d9100000)
  to   space 512K, 0% used [0x00000000d9000000,0x00000000d9000000,0x00000000d9080000)
 ParOldGen       total 86016K, used 15974K [0x0000000083600000, 0x0000000088a00000, 0x00000000d6780000)
  object space 86016K, 18% used [0x0000000083600000,0x0000000084599940,0x0000000088a00000)
 Metaspace       used 16890K, capacity 17182K, committed 17280K, reserved 1064960K
  class space    used 2315K, capacity 2403K, committed 2432K, reserved 1048576K
Event: 467.480 GC heap after
Heap after GC invocations=100 (full 1):
 PSYoungGen      total 24576K, used 64K [0x00000000d6780000, 0x00000000d9100000, 0x0000000100000000)
  eden space 24064K, 0% used [0x00000000d6780000,0x00000000d6780000,0x00000000d7f00000)
  from space 512K, 12% used [0x00000000d9000000,0x00000000d9010000,0x00000000d9080000)
  to   space 512K, 0% used [0x00000000d9080000,0x00000000d9080000,0x00000000d9100000)
 ParOldGen       total 86016K, used 15974K [0x0000000083600000, 0x0000000088a00000, 0x00000000d6780000)
  object space 86016K, 18% used [0x0000000083600000,0x0000000084599940,0x0000000088a00000)
 Metaspace       used 16890K, capacity 17182K, committed 17280K, reserved 1064960K
  class space    used 2315K, capacity 2403K, committed 2432K, reserved 1048576K
}
Event: 470.209 GC heap before
{Heap before GC invocations=101 (full 1):
 PSYoungGen      total 24576K, used 24128K [0x00000000d6780000, 0x00000000d9100000, 0x0000000100000000)
  eden space 24064K, 100% used [0x00000000d6780000,0x00000000d7f00000,0x00000000d7f00000)
  from space 512K, 12% used [0x00000000d9000000,0x00000000d9010000,0x00000000d9080000)
  to   space 512K, 0% used [0x00000000d9080000,0x00000000d9080000,0x00000000d9100000)
 ParOldGen       total 86016K, used 15974K [0x0000000083600000, 0x0000000088a00000, 0x00000000d6780000)
  object space 86016K, 18% used [0x0000000083600000,0x0000000084599940,0x0000000088a00000)
 Metaspace       used 16890K, capacity 17182K, committed 17280K, reserved 1064960K
  class space    used 2315K, capacity 2403K, committed 2432K, reserved 1048576K
Event: 470.210 GC heap after
Heap after GC invocations=101 (full 1):
 PSYoungGen      total 24576K, used 32K [0x00000000d6780000, 0x00000000d9100000, 0x0000000100000000)
  eden space 24064K, 0% used [0x00000000d6780000,0x00000000d6780000,0x00000000d7f00000)
  from space 512K, 6% used [0x00000000d9080000,0x00000000d9088000,0x00000000d9100000)
  to   space 512K, 0% used [0x00000000d9000000,0x00000000d9000000,0x00000000d9080000)
 ParOldGen       total 86016K, used 15974K [0x0000000083600000, 0x0000000088a00000, 0x00000000d6780000)
  object space 86016K, 18% used [0x0000000083600000,0x0000000084599940,0x0000000088a00000)
 Metaspace       used 16890K, capacity 17182K, committed 17280K, reserved 1064960K
  class space    used 2315K, capacity 2403K, committed 2432K, reserved 1048576K
}

